<?xml version="1.0" encoding="UTF-8"?>
<!-- Generated by org.testng.reporters.JUnitReportReporter -->
<testsuite skipped="0" hostname="Patwardhan" name="getRequest.GetData" tests="3" failures="0" timestamp="2021-05-10T16:23:55 CDT" time="2.949" errors="0">
  <testcase name="testResponseTime" time="0.101" classname="getRequest.GetData"/>
  <system-out/>
  <testcase name="testResponseCode" time="0.094" classname="getRequest.GetData"/>
  <system-out/>
  <testcase name="testResponseBody" time="2.754" classname="getRequest.GetData"/>
  <system-out/>
</testsuite> <!-- getRequest.GetData -->
